[0m18:07:02.187889 [debug] [MainThread]: Sending event: {'category': 'dbt', 'action': 'invocation', 'label': 'start', 'context': [<snowplow_tracker.self_describing_json.SelfDescribingJson object at 0x000002D650AE8860>, <snowplow_tracker.self_describing_json.SelfDescribingJson object at 0x000002D650D6C4A0>, <snowplow_tracker.self_describing_json.SelfDescribingJson object at 0x000002D6510E8C50>]}


============================== 18:07:02.187889 | a0258714-693c-483d-af88-da63d3c5f8a0 ==============================
[0m18:07:02.187889 [info ] [MainThread]: Running with dbt=1.9.2
[0m18:07:02.187889 [debug] [MainThread]: running dbt with arguments {'printer_width': '80', 'indirect_selection': 'eager', 'write_json': 'True', 'log_cache_events': 'False', 'partial_parse': 'True', 'cache_selected_only': 'False', 'profiles_dir': 'C:\\Users\\admin\\.dbt', 'version_check': 'True', 'fail_fast': 'False', 'log_path': 'logs', 'debug': 'False', 'warn_error': 'None', 'use_colors': 'True', 'use_experimental_parser': 'False', 'no_print': 'None', 'quiet': 'False', 'empty': 'None', 'warn_error_options': 'WarnErrorOptions(include=[], exclude=[])', 'invocation_command': 'dbt deps', 'static_parser': 'True', 'log_format': 'default', 'target_path': 'None', 'introspect': 'True', 'send_anonymous_usage_stats': 'True'}
[0m18:07:02.203873 [error] [MainThread]: Encountered an error:
Runtime Error
  No dbt_project.yml found at expected path C:\Users\admin\Desktop\complete_data_project\elt\weather_data_project\dbt_project.yml
  Verify that each entry within packages.yml (and their transitive dependencies) contains a file named dbt_project.yml
  
[0m18:07:02.203873 [debug] [MainThread]: Command `dbt deps` failed at 18:07:02.203873 after 0.21 seconds
[0m18:07:02.203873 [debug] [MainThread]: Sending event: {'category': 'dbt', 'action': 'invocation', 'label': 'end', 'context': [<snowplow_tracker.self_describing_json.SelfDescribingJson object at 0x000002D650D6C4A0>, <snowplow_tracker.self_describing_json.SelfDescribingJson object at 0x000002D651148FE0>, <snowplow_tracker.self_describing_json.SelfDescribingJson object at 0x000002D650F07260>]}
[0m18:07:02.203873 [debug] [MainThread]: Flushing usage events
[0m18:07:03.904293 [debug] [MainThread]: An error was encountered while trying to flush usage events
[0m18:08:11.395684 [debug] [MainThread]: Sending event: {'category': 'dbt', 'action': 'invocation', 'label': 'start', 'context': [<snowplow_tracker.self_describing_json.SelfDescribingJson object at 0x0000016FDFFF9130>, <snowplow_tracker.self_describing_json.SelfDescribingJson object at 0x0000016FDCFB4D10>, <snowplow_tracker.self_describing_json.SelfDescribingJson object at 0x0000016FDFB0E780>]}


============================== 18:08:11.395684 | 03d9b46e-b4b0-477c-baa8-2fe64e131747 ==============================
[0m18:08:11.395684 [info ] [MainThread]: Running with dbt=1.9.2
[0m18:08:11.395684 [debug] [MainThread]: running dbt with arguments {'printer_width': '80', 'indirect_selection': 'eager', 'write_json': 'True', 'log_cache_events': 'False', 'partial_parse': 'True', 'cache_selected_only': 'False', 'warn_error': 'None', 'version_check': 'True', 'profiles_dir': 'C:\\Users\\admin\\.dbt', 'log_path': 'logs', 'fail_fast': 'False', 'debug': 'False', 'use_colors': 'True', 'use_experimental_parser': 'False', 'no_print': 'None', 'quiet': 'False', 'empty': 'None', 'warn_error_options': 'WarnErrorOptions(include=[], exclude=[])', 'introspect': 'True', 'log_format': 'default', 'invocation_command': 'dbt deps', 'target_path': 'None', 'static_parser': 'True', 'send_anonymous_usage_stats': 'True'}
[0m18:08:11.410356 [error] [MainThread]: Encountered an error:
Runtime Error
  No dbt_project.yml found at expected path C:\Users\admin\Desktop\complete_data_project\elt\weather_data_project\dbt_project.yml
  Verify that each entry within packages.yml (and their transitive dependencies) contains a file named dbt_project.yml
  
[0m18:08:11.411364 [debug] [MainThread]: Command `dbt deps` failed at 18:08:11.411364 after 0.18 seconds
[0m18:08:11.412101 [debug] [MainThread]: Sending event: {'category': 'dbt', 'action': 'invocation', 'label': 'end', 'context': [<snowplow_tracker.self_describing_json.SelfDescribingJson object at 0x0000016FDFEE3200>, <snowplow_tracker.self_describing_json.SelfDescribingJson object at 0x0000016FDFEE1F10>, <snowplow_tracker.self_describing_json.SelfDescribingJson object at 0x0000016FDDA53D40>]}
[0m18:08:11.412101 [debug] [MainThread]: Flushing usage events
[0m18:08:13.081514 [debug] [MainThread]: An error was encountered while trying to flush usage events
